{"C:\\Users\\SinAsignar\\PORTFOLIO\\backend-disruptive-test\\src\\app.ts": {"path":"C:\\Users\\SinAsignar\\PORTFOLIO\\backend-disruptive-test\\src\\app.ts","statementMap":{"0":{"start":{"line":1,"column":0},"end":{"line":1,"column":62}},"1":{"start":{"line":2,"column":0},"end":{"line":2,"column":39}},"2":{"start":{"line":3,"column":0},"end":{"line":3,"column":37}},"3":{"start":{"line":4,"column":0},"end":{"line":4,"column":41}},"4":{"start":{"line":5,"column":0},"end":{"line":5,"column":43}},"5":{"start":{"line":6,"column":0},"end":{"line":6,"column":28}},"6":{"start":{"line":7,"column":0},"end":{"line":7,"column":24}},"7":{"start":{"line":10,"column":0},"end":{"line":10,"column":41}},"8":{"start":{"line":11,"column":0},"end":{"line":11,"column":43}},"9":{"start":{"line":12,"column":0},"end":{"line":12,"column":51}},"10":{"start":{"line":13,"column":0},"end":{"line":13,"column":45}},"11":{"start":{"line":15,"column":0},"end":{"line":15,"column":16}},"12":{"start":{"line":17,"column":13},"end":{"line":17,"column":29}},"13":{"start":{"line":18,"column":13},"end":{"line":18,"column":29}},"14":{"start":{"line":19,"column":19},"end":{"line":19,"column":41}},"15":{"start":{"line":21,"column":21},"end":{"line":21,"column":30}},"16":{"start":{"line":23,"column":0},"end":{"line":23,"column":27}},"17":{"start":{"line":24,"column":0},"end":{"line":24,"column":51}},"18":{"start":{"line":27,"column":0},"end":{"line":27,"column":12}},"19":{"start":{"line":29,"column":0},"end":{"line":29,"column":25}},"20":{"start":{"line":30,"column":0},"end":{"line":30,"column":27}},"21":{"start":{"line":31,"column":0},"end":{"line":31,"column":35}},"22":{"start":{"line":32,"column":0},"end":{"line":32,"column":29}},"23":{"start":{"line":35,"column":16},"end":{"line":56,"column":2}},"24":{"start":{"line":58,"column":14},"end":{"line":58,"column":35}},"25":{"start":{"line":59,"column":0},"end":{"line":63,"column":2}},"26":{"start":{"line":66,"column":20},"end":{"line":74,"column":2}},"27":{"start":{"line":76,"column":0},"end":{"line":76,"column":27}},"28":{"start":{"line":78,"column":0},"end":{"line":80,"column":3}},"29":{"start":{"line":79,"column":2},"end":{"line":79,"column":43}},"30":{"start":{"line":82,"column":0},"end":{"line":82,"column":19}}},"fnMap":{"0":{"name":"(anonymous_1)","decl":{"start":{"line":78,"column":13},"end":{"line":78,"column":14}},"loc":{"start":{"line":78,"column":43},"end":{"line":80,"column":1}}}},"branchMap":{},"s":{"0":4,"1":4,"2":4,"3":4,"4":4,"5":4,"6":4,"7":4,"8":4,"9":4,"10":4,"11":4,"12":4,"13":4,"14":4,"15":4,"16":4,"17":4,"18":4,"19":4,"20":4,"21":4,"22":4,"23":4,"24":4,"25":4,"26":4,"27":4,"28":4,"29":0,"30":4},"f":{"0":0},"b":{}}
,"C:\\Users\\SinAsignar\\PORTFOLIO\\backend-disruptive-test\\src\\config\\mongo.ts": {"path":"C:\\Users\\SinAsignar\\PORTFOLIO\\backend-disruptive-test\\src\\config\\mongo.ts","statementMap":{"0":{"start":{"line":2,"column":0},"end":{"line":2,"column":32}},"1":{"start":{"line":3,"column":0},"end":{"line":3,"column":28}},"2":{"start":{"line":4,"column":0},"end":{"line":4,"column":16}},"3":{"start":{"line":5,"column":18},"end":{"line":5,"column":39}},"4":{"start":{"line":8,"column":14},"end":{"line":8,"column":23}},"5":{"start":{"line":10,"column":2},"end":{"line":15,"column":3}},"6":{"start":{"line":11,"column":4},"end":{"line":11,"column":26}},"7":{"start":{"line":13,"column":4},"end":{"line":13,"column":29}},"8":{"start":{"line":14,"column":4},"end":{"line":14,"column":20}},"9":{"start":{"line":16,"column":23},"end":{"line":16,"column":42}},"10":{"start":{"line":17,"column":2},"end":{"line":19,"column":5}},"11":{"start":{"line":18,"column":4},"end":{"line":18,"column":46}},"12":{"start":{"line":21,"column":2},"end":{"line":23,"column":5}},"13":{"start":{"line":22,"column":4},"end":{"line":22,"column":46}},"14":{"start":{"line":7,"column":0},"end":{"line":7,"column":24}}},"fnMap":{"0":{"name":"connectDB","decl":{"start":{"line":7,"column":24},"end":{"line":7,"column":33}},"loc":{"start":{"line":7,"column":33},"end":{"line":24,"column":1}}},"1":{"name":"(anonymous_2)","decl":{"start":{"line":17,"column":28},"end":{"line":17,"column":29}},"loc":{"start":{"line":17,"column":34},"end":{"line":19,"column":3}}},"2":{"name":"(anonymous_3)","decl":{"start":{"line":21,"column":27},"end":{"line":21,"column":28}},"loc":{"start":{"line":21,"column":35},"end":{"line":23,"column":3}}}},"branchMap":{},"s":{"0":4,"1":4,"2":4,"3":4,"4":4,"5":4,"6":4,"7":0,"8":0,"9":4,"10":4,"11":4,"12":4,"13":0,"14":4},"f":{"0":4,"1":4,"2":0},"b":{}}
,"C:\\Users\\SinAsignar\\PORTFOLIO\\backend-disruptive-test\\src\\config\\redis.ts": {"path":"C:\\Users\\SinAsignar\\PORTFOLIO\\backend-disruptive-test\\src\\config\\redis.ts","statementMap":{"0":{"start":{"line":2,"column":0},"end":{"line":2,"column":28}},"1":{"start":{"line":3,"column":0},"end":{"line":3,"column":28}},"2":{"start":{"line":4,"column":0},"end":{"line":4,"column":16}},"3":{"start":{"line":5,"column":18},"end":{"line":5,"column":39}},"4":{"start":{"line":7,"column":13},"end":{"line":7,"column":57}},"5":{"start":{"line":8,"column":13},"end":{"line":8,"column":58}}},"fnMap":{},"branchMap":{},"s":{"0":4,"1":4,"2":4,"3":4,"4":4,"5":4},"f":{},"b":{}}
,"C:\\Users\\SinAsignar\\PORTFOLIO\\backend-disruptive-test\\src\\enums\\categories.enum.ts": {"path":"C:\\Users\\SinAsignar\\PORTFOLIO\\backend-disruptive-test\\src\\enums\\categories.enum.ts","statementMap":{"0":{"start":{"line":1,"column":0},"end":{"line":1,"column":null}},"1":{"start":{"line":2,"column":2},"end":{"line":2,"column":null}},"2":{"start":{"line":3,"column":2},"end":{"line":3,"column":null}},"3":{"start":{"line":4,"column":2},"end":{"line":4,"column":null}}},"fnMap":{"0":{"name":"(anonymous_0)","decl":{"start":{"line":1,"column":0},"end":{"line":1,"column":12}},"loc":{"start":{"line":1,"column":29},"end":{"line":5,"column":1}}}},"branchMap":{"0":{"loc":{"start":{"line":1,"column":12},"end":{"line":1,"column":null}},"type":"binary-expr","locations":[{"start":{"line":1,"column":12},"end":{"line":1,"column":29}},{"start":{"line":1,"column":29},"end":{"line":1,"column":null}}]}},"s":{"0":4,"1":4,"2":4,"3":4},"f":{"0":4},"b":{"0":[4,4]}}
,"C:\\Users\\SinAsignar\\PORTFOLIO\\backend-disruptive-test\\src\\enums\\users.enum.ts": {"path":"C:\\Users\\SinAsignar\\PORTFOLIO\\backend-disruptive-test\\src\\enums\\users.enum.ts","statementMap":{"0":{"start":{"line":1,"column":0},"end":{"line":1,"column":null}},"1":{"start":{"line":2,"column":2},"end":{"line":2,"column":null}},"2":{"start":{"line":3,"column":2},"end":{"line":3,"column":null}},"3":{"start":{"line":4,"column":2},"end":{"line":4,"column":null}}},"fnMap":{"0":{"name":"(anonymous_0)","decl":{"start":{"line":1,"column":0},"end":{"line":1,"column":12}},"loc":{"start":{"line":1,"column":22},"end":{"line":5,"column":1}}}},"branchMap":{"0":{"loc":{"start":{"line":1,"column":12},"end":{"line":1,"column":null}},"type":"binary-expr","locations":[{"start":{"line":1,"column":12},"end":{"line":1,"column":22}},{"start":{"line":1,"column":22},"end":{"line":1,"column":null}}]}},"s":{"0":4,"1":4,"2":4,"3":4},"f":{"0":4},"b":{"0":[4,4]}}
,"C:\\Users\\SinAsignar\\PORTFOLIO\\backend-disruptive-test\\src\\features\\categories\\categories.controller.ts": {"path":"C:\\Users\\SinAsignar\\PORTFOLIO\\backend-disruptive-test\\src\\features\\categories\\categories.controller.ts","statementMap":{"0":{"start":{"line":2,"column":0},"end":{"line":2,"column":58}},"1":{"start":{"line":5,"column":2},"end":{"line":9,"column":3}},"2":{"start":{"line":6,"column":4},"end":{"line":6,"column":47}},"3":{"start":{"line":8,"column":4},"end":{"line":8,"column":14}},"4":{"start":{"line":62,"column":9},"end":{"line":62,"column":15}},"5":{"start":{"line":13,"column":2},"end":{"line":18,"column":3}},"6":{"start":{"line":14,"column":4},"end":{"line":14,"column":57}},"7":{"start":{"line":16,"column":4},"end":{"line":16,"column":67}},"8":{"start":{"line":17,"column":4},"end":{"line":17,"column":14}},"9":{"start":{"line":62,"column":17},"end":{"line":62,"column":20}},"10":{"start":{"line":22,"column":2},"end":{"line":33,"column":3}},"11":{"start":{"line":23,"column":17},"end":{"line":28,"column":6}},"12":{"start":{"line":29,"column":4},"end":{"line":29,"column":51}},"13":{"start":{"line":31,"column":4},"end":{"line":31,"column":68}},"14":{"start":{"line":32,"column":4},"end":{"line":32,"column":14}},"15":{"start":{"line":62,"column":22},"end":{"line":62,"column":28}},"16":{"start":{"line":37,"column":2},"end":{"line":48,"column":3}},"17":{"start":{"line":38,"column":17},"end":{"line":43,"column":6}},"18":{"start":{"line":44,"column":4},"end":{"line":44,"column":66}},"19":{"start":{"line":46,"column":4},"end":{"line":46,"column":68}},"20":{"start":{"line":47,"column":4},"end":{"line":47,"column":14}},"21":{"start":{"line":62,"column":30},"end":{"line":62,"column":36}},"22":{"start":{"line":52,"column":2},"end":{"line":59,"column":3}},"23":{"start":{"line":53,"column":4},"end":{"line":55,"column":6}},"24":{"start":{"line":57,"column":4},"end":{"line":57,"column":68}},"25":{"start":{"line":58,"column":4},"end":{"line":58,"column":14}},"26":{"start":{"line":62,"column":38},"end":{"line":62,"column":44}}},"fnMap":{"0":{"name":"getAll","decl":{"start":{"line":4,"column":15},"end":{"line":4,"column":21}},"loc":{"start":{"line":4,"column":69},"end":{"line":10,"column":1}}},"1":{"name":"get","decl":{"start":{"line":12,"column":15},"end":{"line":12,"column":18}},"loc":{"start":{"line":12,"column":66},"end":{"line":19,"column":1}}},"2":{"name":"create","decl":{"start":{"line":21,"column":15},"end":{"line":21,"column":21}},"loc":{"start":{"line":21,"column":69},"end":{"line":34,"column":1}}},"3":{"name":"update","decl":{"start":{"line":36,"column":15},"end":{"line":36,"column":21}},"loc":{"start":{"line":36,"column":69},"end":{"line":49,"column":1}}},"4":{"name":"remove","decl":{"start":{"line":51,"column":15},"end":{"line":51,"column":21}},"loc":{"start":{"line":51,"column":69},"end":{"line":60,"column":1}}}},"branchMap":{"0":{"loc":{"start":{"line":25,"column":23},"end":{"line":25,"column":56}},"type":"binary-expr","locations":[{"start":{"line":25,"column":23},"end":{"line":25,"column":47}},{"start":{"line":25,"column":51},"end":{"line":25,"column":56}}]},"1":{"loc":{"start":{"line":26,"column":22},"end":{"line":26,"column":54}},"type":"binary-expr","locations":[{"start":{"line":26,"column":22},"end":{"line":26,"column":45}},{"start":{"line":26,"column":49},"end":{"line":26,"column":54}}]},"2":{"loc":{"start":{"line":40,"column":23},"end":{"line":40,"column":56}},"type":"binary-expr","locations":[{"start":{"line":40,"column":23},"end":{"line":40,"column":47}},{"start":{"line":40,"column":51},"end":{"line":40,"column":56}}]},"3":{"loc":{"start":{"line":41,"column":22},"end":{"line":41,"column":54}},"type":"binary-expr","locations":[{"start":{"line":41,"column":22},"end":{"line":41,"column":45}},{"start":{"line":41,"column":49},"end":{"line":41,"column":54}}]}},"s":{"0":4,"1":1,"2":1,"3":0,"4":4,"5":2,"6":2,"7":0,"8":0,"9":4,"10":4,"11":4,"12":4,"13":1,"14":1,"15":4,"16":3,"17":3,"18":3,"19":2,"20":2,"21":4,"22":3,"23":3,"24":0,"25":0,"26":4},"f":{"0":1,"1":2,"2":4,"3":3,"4":3},"b":{"0":[4,0],"1":[4,0],"2":[3,3],"3":[3,3]}}
,"C:\\Users\\SinAsignar\\PORTFOLIO\\backend-disruptive-test\\src\\features\\categories\\categories.model.ts": {"path":"C:\\Users\\SinAsignar\\PORTFOLIO\\backend-disruptive-test\\src\\features\\categories\\categories.model.ts","statementMap":{"0":{"start":{"line":1,"column":0},"end":{"line":1,"column":32}},"1":{"start":{"line":3,"column":25},"end":{"line":18,"column":2}},"2":{"start":{"line":20,"column":0},"end":{"line":20,"column":62}}},"fnMap":{},"branchMap":{},"s":{"0":4,"1":4,"2":4},"f":{},"b":{}}
,"C:\\Users\\SinAsignar\\PORTFOLIO\\backend-disruptive-test\\src\\features\\categories\\categories.route.ts": {"path":"C:\\Users\\SinAsignar\\PORTFOLIO\\backend-disruptive-test\\src\\features\\categories\\categories.route.ts","statementMap":{"0":{"start":{"line":138,"column":0},"end":{"line":138,"column":30}},"1":{"start":{"line":139,"column":0},"end":{"line":139,"column":64}},"2":{"start":{"line":141,"column":15},"end":{"line":141,"column":31}},"3":{"start":{"line":143,"column":0},"end":{"line":143,"column":45}},"4":{"start":{"line":145,"column":0},"end":{"line":145,"column":45}},"5":{"start":{"line":147,"column":0},"end":{"line":147,"column":46}},"6":{"start":{"line":149,"column":0},"end":{"line":149,"column":48}},"7":{"start":{"line":151,"column":0},"end":{"line":151,"column":48}},"8":{"start":{"line":153,"column":0},"end":{"line":153,"column":22}}},"fnMap":{},"branchMap":{},"s":{"0":4,"1":4,"2":4,"3":4,"4":4,"5":4,"6":4,"7":4,"8":4},"f":{},"b":{}}
,"C:\\Users\\SinAsignar\\PORTFOLIO\\backend-disruptive-test\\src\\features\\categories\\categories.service.ts": {"path":"C:\\Users\\SinAsignar\\PORTFOLIO\\backend-disruptive-test\\src\\features\\categories\\categories.service.ts","statementMap":{"0":{"start":{"line":1,"column":0},"end":{"line":1,"column":44}},"1":{"start":{"line":2,"column":0},"end":{"line":2,"column":52}},"2":{"start":{"line":3,"column":0},"end":{"line":3,"column":68}},"3":{"start":{"line":4,"column":0},"end":{"line":4,"column":64}},"4":{"start":{"line":7,"column":2},"end":{"line":7,"column":27}},"5":{"start":{"line":92,"column":9},"end":{"line":92,"column":15}},"6":{"start":{"line":11,"column":2},"end":{"line":18,"column":3}},"7":{"start":{"line":12,"column":4},"end":{"line":15,"column":5}},"8":{"start":{"line":13,"column":23},"end":{"line":13,"column":63}},"9":{"start":{"line":14,"column":6},"end":{"line":14,"column":22}},"10":{"start":{"line":17,"column":4},"end":{"line":17,"column":46}},"11":{"start":{"line":92,"column":17},"end":{"line":92,"column":20}},"12":{"start":{"line":23,"column":2},"end":{"line":55,"column":3}},"13":{"start":{"line":24,"column":4},"end":{"line":52,"column":5}},"14":{"start":{"line":25,"column":31},"end":{"line":25,"column":51}},"15":{"start":{"line":26,"column":6},"end":{"line":26,"column":72}},"16":{"start":{"line":26,"column":28},"end":{"line":26,"column":72}},"17":{"start":{"line":28,"column":22},"end":{"line":28,"column":57}},"18":{"start":{"line":29,"column":6},"end":{"line":51,"column":7}},"19":{"start":{"line":33,"column":8},"end":{"line":48,"column":9}},"20":{"start":{"line":38,"column":31},"end":{"line":43,"column":12}},"21":{"start":{"line":45,"column":10},"end":{"line":45,"column":53}},"22":{"start":{"line":47,"column":10},"end":{"line":47,"column":46}},"23":{"start":{"line":50,"column":8},"end":{"line":50,"column":66}},"24":{"start":{"line":54,"column":4},"end":{"line":54,"column":27}},"25":{"start":{"line":92,"column":22},"end":{"line":92,"column":28}},"26":{"start":{"line":59,"column":2},"end":{"line":76,"column":3}},"27":{"start":{"line":60,"column":20},"end":{"line":60,"column":55}},"28":{"start":{"line":61,"column":4},"end":{"line":73,"column":5}},"29":{"start":{"line":62,"column":6},"end":{"line":70,"column":7}},"30":{"start":{"line":67,"column":8},"end":{"line":67,"column":62}},"31":{"start":{"line":69,"column":8},"end":{"line":69,"column":44}},"32":{"start":{"line":72,"column":6},"end":{"line":72,"column":64}},"33":{"start":{"line":75,"column":4},"end":{"line":75,"column":27}},"34":{"start":{"line":92,"column":30},"end":{"line":92,"column":36}},"35":{"start":{"line":80,"column":2},"end":{"line":89,"column":3}},"36":{"start":{"line":81,"column":25},"end":{"line":81,"column":50}},"37":{"start":{"line":82,"column":4},"end":{"line":86,"column":5}},"38":{"start":{"line":83,"column":6},"end":{"line":83,"column":46}},"39":{"start":{"line":85,"column":6},"end":{"line":85,"column":38}},"40":{"start":{"line":88,"column":4},"end":{"line":88,"column":27}},"41":{"start":{"line":92,"column":38},"end":{"line":92,"column":44}}},"fnMap":{"0":{"name":"getAll","decl":{"start":{"line":6,"column":15},"end":{"line":6,"column":21}},"loc":{"start":{"line":6,"column":21},"end":{"line":8,"column":1}}},"1":{"name":"get","decl":{"start":{"line":10,"column":15},"end":{"line":10,"column":18}},"loc":{"start":{"line":10,"column":23},"end":{"line":19,"column":1}}},"2":{"name":"create","decl":{"start":{"line":21,"column":15},"end":{"line":21,"column":21}},"loc":{"start":{"line":21,"column":26},"end":{"line":56,"column":1}}},"3":{"name":"update","decl":{"start":{"line":58,"column":15},"end":{"line":58,"column":21}},"loc":{"start":{"line":58,"column":30},"end":{"line":77,"column":1}}},"4":{"name":"remove","decl":{"start":{"line":79,"column":15},"end":{"line":79,"column":21}},"loc":{"start":{"line":79,"column":35},"end":{"line":90,"column":1}}}},"branchMap":{"0":{"loc":{"start":{"line":12,"column":4},"end":{"line":15,"column":5}},"type":"if","locations":[{"start":{"line":12,"column":4},"end":{"line":15,"column":5}}]},"1":{"loc":{"start":{"line":24,"column":4},"end":{"line":52,"column":5}},"type":"if","locations":[{"start":{"line":24,"column":4},"end":{"line":52,"column":5}}]},"2":{"loc":{"start":{"line":26,"column":6},"end":{"line":26,"column":72}},"type":"if","locations":[{"start":{"line":26,"column":6},"end":{"line":26,"column":72}}]},"3":{"loc":{"start":{"line":29,"column":6},"end":{"line":51,"column":7}},"type":"if","locations":[{"start":{"line":29,"column":6},"end":{"line":51,"column":7}},{"start":{"line":49,"column":13},"end":{"line":51,"column":7}}]},"4":{"loc":{"start":{"line":29,"column":10},"end":{"line":29,"column":53}},"type":"binary-expr","locations":[{"start":{"line":29,"column":10},"end":{"line":29,"column":17}},{"start":{"line":29,"column":21},"end":{"line":29,"column":53}}]},"5":{"loc":{"start":{"line":33,"column":8},"end":{"line":48,"column":9}},"type":"if","locations":[{"start":{"line":33,"column":8},"end":{"line":48,"column":9}},{"start":{"line":46,"column":15},"end":{"line":48,"column":9}}]},"6":{"loc":{"start":{"line":34,"column":10},"end":{"line":36,"column":48}},"type":"binary-expr","locations":[{"start":{"line":34,"column":10},"end":{"line":34,"column":48}},{"start":{"line":35,"column":10},"end":{"line":35,"column":46}},{"start":{"line":36,"column":10},"end":{"line":36,"column":48}}]},"7":{"loc":{"start":{"line":61,"column":4},"end":{"line":73,"column":5}},"type":"if","locations":[{"start":{"line":61,"column":4},"end":{"line":73,"column":5}},{"start":{"line":71,"column":11},"end":{"line":73,"column":5}}]},"8":{"loc":{"start":{"line":61,"column":8},"end":{"line":61,"column":51}},"type":"binary-expr","locations":[{"start":{"line":61,"column":8},"end":{"line":61,"column":15}},{"start":{"line":61,"column":19},"end":{"line":61,"column":51}}]},"9":{"loc":{"start":{"line":62,"column":6},"end":{"line":70,"column":7}},"type":"if","locations":[{"start":{"line":62,"column":6},"end":{"line":70,"column":7}},{"start":{"line":68,"column":13},"end":{"line":70,"column":7}}]},"10":{"loc":{"start":{"line":63,"column":8},"end":{"line":65,"column":46}},"type":"binary-expr","locations":[{"start":{"line":63,"column":8},"end":{"line":63,"column":46}},{"start":{"line":64,"column":8},"end":{"line":64,"column":44}},{"start":{"line":65,"column":8},"end":{"line":65,"column":46}}]},"11":{"loc":{"start":{"line":82,"column":4},"end":{"line":86,"column":5}},"type":"if","locations":[{"start":{"line":82,"column":4},"end":{"line":86,"column":5}},{"start":{"line":84,"column":11},"end":{"line":86,"column":5}}]},"12":{"loc":{"start":{"line":82,"column":8},"end":{"line":82,"column":61}},"type":"binary-expr","locations":[{"start":{"line":82,"column":8},"end":{"line":82,"column":20}},{"start":{"line":82,"column":24},"end":{"line":82,"column":61}}]}},"s":{"0":4,"1":4,"2":4,"3":4,"4":1,"5":4,"6":6,"7":6,"8":5,"9":5,"10":0,"11":4,"12":4,"13":4,"14":4,"15":4,"16":0,"17":4,"18":4,"19":4,"20":3,"21":3,"22":1,"23":0,"24":1,"25":4,"26":3,"27":3,"28":3,"29":2,"30":1,"31":1,"32":1,"33":2,"34":4,"35":3,"36":3,"37":3,"38":3,"39":0,"40":0,"41":4},"f":{"0":1,"1":6,"2":4,"3":3,"4":3},"b":{"0":[5],"1":[4],"2":[0],"3":[4,0],"4":[4,4],"5":[3,1],"6":[4,4,4],"7":[2,1],"8":[3,2],"9":[1,1],"10":[2,1,1],"11":[3,0],"12":[3,3]}}
,"C:\\Users\\SinAsignar\\PORTFOLIO\\backend-disruptive-test\\src\\features\\categories\\index.ts": {"path":"C:\\Users\\SinAsignar\\PORTFOLIO\\backend-disruptive-test\\src\\features\\categories\\index.ts","statementMap":{"0":{"start":{"line":1,"column":0},"end":{"line":1,"column":9}},"1":{"start":{"line":1,"column":9},"end":{"line":1,"column":30}}},"fnMap":{"0":{"name":"(anonymous_1)","decl":{"start":{"line":1,"column":9},"end":{"line":1,"column":16}},"loc":{"start":{"line":1,"column":9},"end":{"line":1,"column":30}}}},"branchMap":{},"s":{"0":4,"1":8},"f":{"0":4},"b":{}}
,"C:\\Users\\SinAsignar\\PORTFOLIO\\backend-disruptive-test\\src\\features\\content\\content.controller.ts": {"path":"C:\\Users\\SinAsignar\\PORTFOLIO\\backend-disruptive-test\\src\\features\\content\\content.controller.ts","statementMap":{"0":{"start":{"line":2,"column":0},"end":{"line":2,"column":52}},"1":{"start":{"line":5,"column":2},"end":{"line":10,"column":3}},"2":{"start":{"line":6,"column":4},"end":{"line":6,"column":44}},"3":{"start":{"line":8,"column":4},"end":{"line":8,"column":67}},"4":{"start":{"line":9,"column":4},"end":{"line":9,"column":14}},"5":{"start":{"line":51,"column":9},"end":{"line":51,"column":15}},"6":{"start":{"line":14,"column":2},"end":{"line":19,"column":3}},"7":{"start":{"line":15,"column":4},"end":{"line":15,"column":54}},"8":{"start":{"line":17,"column":4},"end":{"line":17,"column":66}},"9":{"start":{"line":18,"column":4},"end":{"line":18,"column":14}},"10":{"start":{"line":51,"column":17},"end":{"line":51,"column":20}},"11":{"start":{"line":23,"column":2},"end":{"line":28,"column":3}},"12":{"start":{"line":24,"column":4},"end":{"line":24,"column":52}},"13":{"start":{"line":26,"column":4},"end":{"line":26,"column":67}},"14":{"start":{"line":27,"column":4},"end":{"line":27,"column":14}},"15":{"start":{"line":51,"column":22},"end":{"line":51,"column":28}},"16":{"start":{"line":32,"column":2},"end":{"line":37,"column":3}},"17":{"start":{"line":33,"column":4},"end":{"line":33,"column":67}},"18":{"start":{"line":35,"column":4},"end":{"line":35,"column":67}},"19":{"start":{"line":36,"column":4},"end":{"line":36,"column":14}},"20":{"start":{"line":51,"column":30},"end":{"line":51,"column":36}},"21":{"start":{"line":41,"column":2},"end":{"line":48,"column":3}},"22":{"start":{"line":42,"column":4},"end":{"line":44,"column":6}},"23":{"start":{"line":46,"column":4},"end":{"line":46,"column":67}},"24":{"start":{"line":47,"column":4},"end":{"line":47,"column":14}},"25":{"start":{"line":51,"column":38},"end":{"line":51,"column":44}}},"fnMap":{"0":{"name":"getAll","decl":{"start":{"line":4,"column":15},"end":{"line":4,"column":21}},"loc":{"start":{"line":4,"column":69},"end":{"line":11,"column":1}}},"1":{"name":"get","decl":{"start":{"line":13,"column":15},"end":{"line":13,"column":18}},"loc":{"start":{"line":13,"column":66},"end":{"line":20,"column":1}}},"2":{"name":"create","decl":{"start":{"line":22,"column":15},"end":{"line":22,"column":21}},"loc":{"start":{"line":22,"column":69},"end":{"line":29,"column":1}}},"3":{"name":"update","decl":{"start":{"line":31,"column":15},"end":{"line":31,"column":21}},"loc":{"start":{"line":31,"column":69},"end":{"line":38,"column":1}}},"4":{"name":"remove","decl":{"start":{"line":40,"column":15},"end":{"line":40,"column":21}},"loc":{"start":{"line":40,"column":69},"end":{"line":49,"column":1}}}},"branchMap":{},"s":{"0":4,"1":1,"2":1,"3":0,"4":0,"5":4,"6":2,"7":2,"8":1,"9":1,"10":4,"11":4,"12":4,"13":1,"14":1,"15":4,"16":2,"17":2,"18":1,"19":1,"20":4,"21":3,"22":3,"23":1,"24":1,"25":4},"f":{"0":1,"1":2,"2":4,"3":2,"4":3},"b":{}}
,"C:\\Users\\SinAsignar\\PORTFOLIO\\backend-disruptive-test\\src\\features\\content\\content.model.ts": {"path":"C:\\Users\\SinAsignar\\PORTFOLIO\\backend-disruptive-test\\src\\features\\content\\content.model.ts","statementMap":{"0":{"start":{"line":1,"column":0},"end":{"line":1,"column":32}},"1":{"start":{"line":3,"column":22},"end":{"line":30,"column":null}},"2":{"start":{"line":33,"column":0},"end":{"line":33,"column":56}}},"fnMap":{},"branchMap":{},"s":{"0":4,"1":4,"2":4},"f":{},"b":{}}
,"C:\\Users\\SinAsignar\\PORTFOLIO\\backend-disruptive-test\\src\\features\\content\\content.route.ts": {"path":"C:\\Users\\SinAsignar\\PORTFOLIO\\backend-disruptive-test\\src\\features\\content\\content.route.ts","statementMap":{"0":{"start":{"line":150,"column":0},"end":{"line":150,"column":30}},"1":{"start":{"line":151,"column":0},"end":{"line":151,"column":58}},"2":{"start":{"line":153,"column":15},"end":{"line":153,"column":31}},"3":{"start":{"line":155,"column":0},"end":{"line":155,"column":42}},"4":{"start":{"line":157,"column":0},"end":{"line":157,"column":42}},"5":{"start":{"line":159,"column":0},"end":{"line":159,"column":43}},"6":{"start":{"line":161,"column":0},"end":{"line":161,"column":45}},"7":{"start":{"line":163,"column":0},"end":{"line":163,"column":45}},"8":{"start":{"line":165,"column":0},"end":{"line":165,"column":22}}},"fnMap":{},"branchMap":{},"s":{"0":4,"1":4,"2":4,"3":4,"4":4,"5":4,"6":4,"7":4,"8":4},"f":{},"b":{}}
,"C:\\Users\\SinAsignar\\PORTFOLIO\\backend-disruptive-test\\src\\features\\content\\content.service.ts": {"path":"C:\\Users\\SinAsignar\\PORTFOLIO\\backend-disruptive-test\\src\\features\\content\\content.service.ts","statementMap":{"0":{"start":{"line":1,"column":0},"end":{"line":1,"column":38}},"1":{"start":{"line":2,"column":0},"end":{"line":2,"column":52}},"2":{"start":{"line":3,"column":0},"end":{"line":3,"column":68}},"3":{"start":{"line":4,"column":0},"end":{"line":4,"column":58}},"4":{"start":{"line":7,"column":2},"end":{"line":7,"column":42}},"5":{"start":{"line":117,"column":9},"end":{"line":117,"column":15}},"6":{"start":{"line":11,"column":2},"end":{"line":18,"column":3}},"7":{"start":{"line":12,"column":4},"end":{"line":15,"column":5}},"8":{"start":{"line":13,"column":22},"end":{"line":13,"column":56}},"9":{"start":{"line":14,"column":6},"end":{"line":14,"column":21}},"10":{"start":{"line":17,"column":4},"end":{"line":17,"column":45}},"11":{"start":{"line":117,"column":17},"end":{"line":117,"column":20}},"12":{"start":{"line":23,"column":2},"end":{"line":61,"column":3}},"13":{"start":{"line":24,"column":4},"end":{"line":58,"column":5}},"14":{"start":{"line":25,"column":30},"end":{"line":25,"column":50}},"15":{"start":{"line":26,"column":6},"end":{"line":26,"column":70}},"16":{"start":{"line":26,"column":27},"end":{"line":26,"column":70}},"17":{"start":{"line":28,"column":22},"end":{"line":28,"column":56}},"18":{"start":{"line":29,"column":6},"end":{"line":57,"column":7}},"19":{"start":{"line":34,"column":28},"end":{"line":41,"column":10}},"20":{"start":{"line":43,"column":29},"end":{"line":43,"column":60}},"21":{"start":{"line":44,"column":33},"end":{"line":44,"column":51}},"22":{"start":{"line":46,"column":31},"end":{"line":46,"column":45}},"23":{"start":{"line":48,"column":26},"end":{"line":48,"column":46}},"24":{"start":{"line":49,"column":8},"end":{"line":52,"column":10}},"25":{"start":{"line":54,"column":8},"end":{"line":54,"column":32}},"26":{"start":{"line":56,"column":8},"end":{"line":56,"column":65}},"27":{"start":{"line":60,"column":4},"end":{"line":60,"column":27}},"28":{"start":{"line":117,"column":22},"end":{"line":117,"column":28}},"29":{"start":{"line":65,"column":2},"end":{"line":87,"column":3}},"30":{"start":{"line":66,"column":20},"end":{"line":66,"column":54}},"31":{"start":{"line":67,"column":4},"end":{"line":84,"column":5}},"32":{"start":{"line":71,"column":29},"end":{"line":71,"column":72}},"33":{"start":{"line":72,"column":33},"end":{"line":72,"column":53}},"34":{"start":{"line":73,"column":29},"end":{"line":73,"column":43}},"35":{"start":{"line":75,"column":24},"end":{"line":75,"column":44}},"36":{"start":{"line":76,"column":6},"end":{"line":79,"column":8}},"37":{"start":{"line":81,"column":6},"end":{"line":81,"column":32}},"38":{"start":{"line":83,"column":6},"end":{"line":83,"column":63}},"39":{"start":{"line":86,"column":4},"end":{"line":86,"column":27}},"40":{"start":{"line":117,"column":30},"end":{"line":117,"column":36}},"41":{"start":{"line":91,"column":2},"end":{"line":114,"column":3}},"42":{"start":{"line":92,"column":25},"end":{"line":92,"column":50}},"43":{"start":{"line":93,"column":4},"end":{"line":111,"column":5}},"44":{"start":{"line":98,"column":29},"end":{"line":98,"column":58}},"45":{"start":{"line":99,"column":33},"end":{"line":99,"column":53}},"46":{"start":{"line":100,"column":29},"end":{"line":100,"column":43}},"47":{"start":{"line":102,"column":24},"end":{"line":102,"column":44}},"48":{"start":{"line":103,"column":6},"end":{"line":106,"column":8}},"49":{"start":{"line":108,"column":6},"end":{"line":108,"column":32}},"50":{"start":{"line":110,"column":6},"end":{"line":110,"column":38}},"51":{"start":{"line":113,"column":4},"end":{"line":113,"column":27}},"52":{"start":{"line":117,"column":38},"end":{"line":117,"column":44}}},"fnMap":{"0":{"name":"getAll","decl":{"start":{"line":6,"column":15},"end":{"line":6,"column":21}},"loc":{"start":{"line":6,"column":21},"end":{"line":8,"column":1}}},"1":{"name":"get","decl":{"start":{"line":10,"column":15},"end":{"line":10,"column":18}},"loc":{"start":{"line":10,"column":21},"end":{"line":19,"column":1}}},"2":{"name":"create","decl":{"start":{"line":21,"column":15},"end":{"line":21,"column":21}},"loc":{"start":{"line":21,"column":26},"end":{"line":62,"column":1}}},"3":{"name":"update","decl":{"start":{"line":64,"column":15},"end":{"line":64,"column":21}},"loc":{"start":{"line":64,"column":30},"end":{"line":88,"column":1}}},"4":{"name":"remove","decl":{"start":{"line":90,"column":15},"end":{"line":90,"column":21}},"loc":{"start":{"line":90,"column":35},"end":{"line":115,"column":1}}}},"branchMap":{"0":{"loc":{"start":{"line":12,"column":4},"end":{"line":15,"column":5}},"type":"if","locations":[{"start":{"line":12,"column":4},"end":{"line":15,"column":5}}]},"1":{"loc":{"start":{"line":24,"column":4},"end":{"line":58,"column":5}},"type":"if","locations":[{"start":{"line":24,"column":4},"end":{"line":58,"column":5}}]},"2":{"loc":{"start":{"line":26,"column":6},"end":{"line":26,"column":70}},"type":"if","locations":[{"start":{"line":26,"column":6},"end":{"line":26,"column":70}}]},"3":{"loc":{"start":{"line":29,"column":6},"end":{"line":57,"column":7}},"type":"if","locations":[{"start":{"line":29,"column":6},"end":{"line":57,"column":7}},{"start":{"line":55,"column":13},"end":{"line":57,"column":7}}]},"4":{"loc":{"start":{"line":30,"column":8},"end":{"line":31,"column":80}},"type":"binary-expr","locations":[{"start":{"line":30,"column":8},"end":{"line":30,"column":15}},{"start":{"line":31,"column":9},"end":{"line":31,"column":41}},{"start":{"line":31,"column":45},"end":{"line":31,"column":79}}]},"5":{"loc":{"start":{"line":67,"column":4},"end":{"line":84,"column":5}},"type":"if","locations":[{"start":{"line":67,"column":4},"end":{"line":84,"column":5}},{"start":{"line":82,"column":11},"end":{"line":84,"column":5}}]},"6":{"loc":{"start":{"line":68,"column":6},"end":{"line":69,"column":79}},"type":"binary-expr","locations":[{"start":{"line":68,"column":6},"end":{"line":68,"column":13}},{"start":{"line":69,"column":7},"end":{"line":69,"column":39}},{"start":{"line":69,"column":43},"end":{"line":69,"column":78}}]},"7":{"loc":{"start":{"line":93,"column":4},"end":{"line":111,"column":5}},"type":"if","locations":[{"start":{"line":93,"column":4},"end":{"line":111,"column":5}},{"start":{"line":109,"column":11},"end":{"line":111,"column":5}}]},"8":{"loc":{"start":{"line":94,"column":6},"end":{"line":96,"column":48}},"type":"binary-expr","locations":[{"start":{"line":94,"column":6},"end":{"line":94,"column":18}},{"start":{"line":95,"column":7},"end":{"line":95,"column":44}},{"start":{"line":96,"column":8},"end":{"line":96,"column":47}}]}},"s":{"0":4,"1":4,"2":4,"3":4,"4":7,"5":4,"6":6,"7":6,"8":2,"9":1,"10":1,"11":4,"12":4,"13":4,"14":4,"15":4,"16":0,"17":4,"18":4,"19":3,"20":3,"21":3,"22":3,"23":3,"24":3,"25":3,"26":1,"27":1,"28":4,"29":2,"30":2,"31":2,"32":1,"33":1,"34":1,"35":1,"36":1,"37":1,"38":1,"39":1,"40":4,"41":3,"42":3,"43":3,"44":2,"45":2,"46":2,"47":2,"48":2,"49":2,"50":1,"51":1,"52":4},"f":{"0":7,"1":6,"2":4,"3":2,"4":3},"b":{"0":[2],"1":[4],"2":[0],"3":[3,1],"4":[4,3,0],"5":[1,1],"6":[2,1,0],"7":[2,1],"8":[3,2,0]}}
,"C:\\Users\\SinAsignar\\PORTFOLIO\\backend-disruptive-test\\src\\features\\content\\index.ts": {"path":"C:\\Users\\SinAsignar\\PORTFOLIO\\backend-disruptive-test\\src\\features\\content\\index.ts","statementMap":{"0":{"start":{"line":1,"column":0},"end":{"line":1,"column":9}},"1":{"start":{"line":1,"column":9},"end":{"line":1,"column":27}}},"fnMap":{"0":{"name":"(anonymous_1)","decl":{"start":{"line":1,"column":9},"end":{"line":1,"column":16}},"loc":{"start":{"line":1,"column":9},"end":{"line":1,"column":27}}}},"branchMap":{},"s":{"0":4,"1":8},"f":{"0":4},"b":{}}
,"C:\\Users\\SinAsignar\\PORTFOLIO\\backend-disruptive-test\\src\\features\\themes\\index.ts": {"path":"C:\\Users\\SinAsignar\\PORTFOLIO\\backend-disruptive-test\\src\\features\\themes\\index.ts","statementMap":{"0":{"start":{"line":1,"column":0},"end":{"line":1,"column":9}},"1":{"start":{"line":1,"column":9},"end":{"line":1,"column":26}}},"fnMap":{"0":{"name":"(anonymous_1)","decl":{"start":{"line":1,"column":9},"end":{"line":1,"column":16}},"loc":{"start":{"line":1,"column":9},"end":{"line":1,"column":26}}}},"branchMap":{},"s":{"0":4,"1":8},"f":{"0":4},"b":{}}
,"C:\\Users\\SinAsignar\\PORTFOLIO\\backend-disruptive-test\\src\\features\\themes\\themes.controller.ts": {"path":"C:\\Users\\SinAsignar\\PORTFOLIO\\backend-disruptive-test\\src\\features\\themes\\themes.controller.ts","statementMap":{"0":{"start":{"line":2,"column":0},"end":{"line":2,"column":50}},"1":{"start":{"line":5,"column":2},"end":{"line":9,"column":3}},"2":{"start":{"line":6,"column":4},"end":{"line":6,"column":43}},"3":{"start":{"line":8,"column":4},"end":{"line":8,"column":14}},"4":{"start":{"line":50,"column":9},"end":{"line":50,"column":15}},"5":{"start":{"line":13,"column":2},"end":{"line":18,"column":3}},"6":{"start":{"line":14,"column":4},"end":{"line":14,"column":53}},"7":{"start":{"line":16,"column":4},"end":{"line":16,"column":64}},"8":{"start":{"line":17,"column":4},"end":{"line":17,"column":14}},"9":{"start":{"line":50,"column":17},"end":{"line":50,"column":20}},"10":{"start":{"line":22,"column":2},"end":{"line":27,"column":3}},"11":{"start":{"line":23,"column":4},"end":{"line":23,"column":51}},"12":{"start":{"line":25,"column":4},"end":{"line":25,"column":65}},"13":{"start":{"line":26,"column":4},"end":{"line":26,"column":14}},"14":{"start":{"line":50,"column":22},"end":{"line":50,"column":28}},"15":{"start":{"line":31,"column":2},"end":{"line":36,"column":3}},"16":{"start":{"line":32,"column":4},"end":{"line":32,"column":66}},"17":{"start":{"line":34,"column":4},"end":{"line":34,"column":65}},"18":{"start":{"line":35,"column":4},"end":{"line":35,"column":14}},"19":{"start":{"line":50,"column":30},"end":{"line":50,"column":36}},"20":{"start":{"line":40,"column":2},"end":{"line":47,"column":3}},"21":{"start":{"line":41,"column":4},"end":{"line":43,"column":6}},"22":{"start":{"line":45,"column":4},"end":{"line":45,"column":65}},"23":{"start":{"line":46,"column":4},"end":{"line":46,"column":14}},"24":{"start":{"line":50,"column":38},"end":{"line":50,"column":44}}},"fnMap":{"0":{"name":"getAll","decl":{"start":{"line":4,"column":15},"end":{"line":4,"column":21}},"loc":{"start":{"line":4,"column":69},"end":{"line":10,"column":1}}},"1":{"name":"get","decl":{"start":{"line":12,"column":15},"end":{"line":12,"column":18}},"loc":{"start":{"line":12,"column":66},"end":{"line":19,"column":1}}},"2":{"name":"create","decl":{"start":{"line":21,"column":15},"end":{"line":21,"column":21}},"loc":{"start":{"line":21,"column":69},"end":{"line":28,"column":1}}},"3":{"name":"update","decl":{"start":{"line":30,"column":15},"end":{"line":30,"column":21}},"loc":{"start":{"line":30,"column":69},"end":{"line":37,"column":1}}},"4":{"name":"remove","decl":{"start":{"line":39,"column":15},"end":{"line":39,"column":21}},"loc":{"start":{"line":39,"column":69},"end":{"line":48,"column":1}}}},"branchMap":{},"s":{"0":4,"1":1,"2":1,"3":0,"4":4,"5":1,"6":1,"7":0,"8":0,"9":4,"10":3,"11":3,"12":0,"13":0,"14":4,"15":2,"16":2,"17":1,"18":1,"19":4,"20":3,"21":3,"22":0,"23":0,"24":4},"f":{"0":1,"1":1,"2":3,"3":2,"4":3},"b":{}}
,"C:\\Users\\SinAsignar\\PORTFOLIO\\backend-disruptive-test\\src\\features\\themes\\themes.model.ts": {"path":"C:\\Users\\SinAsignar\\PORTFOLIO\\backend-disruptive-test\\src\\features\\themes\\themes.model.ts","statementMap":{"0":{"start":{"line":1,"column":0},"end":{"line":1,"column":32}},"1":{"start":{"line":3,"column":21},"end":{"line":22,"column":2}},"2":{"start":{"line":24,"column":0},"end":{"line":24,"column":54}}},"fnMap":{},"branchMap":{},"s":{"0":4,"1":4,"2":4},"f":{},"b":{}}
,"C:\\Users\\SinAsignar\\PORTFOLIO\\backend-disruptive-test\\src\\features\\themes\\themes.route.ts": {"path":"C:\\Users\\SinAsignar\\PORTFOLIO\\backend-disruptive-test\\src\\features\\themes\\themes.route.ts","statementMap":{"0":{"start":{"line":145,"column":0},"end":{"line":145,"column":30}},"1":{"start":{"line":146,"column":0},"end":{"line":146,"column":56}},"2":{"start":{"line":148,"column":15},"end":{"line":148,"column":31}},"3":{"start":{"line":150,"column":0},"end":{"line":150,"column":41}},"4":{"start":{"line":152,"column":0},"end":{"line":152,"column":41}},"5":{"start":{"line":154,"column":0},"end":{"line":154,"column":42}},"6":{"start":{"line":156,"column":0},"end":{"line":156,"column":44}},"7":{"start":{"line":158,"column":0},"end":{"line":158,"column":44}},"8":{"start":{"line":160,"column":0},"end":{"line":160,"column":22}}},"fnMap":{},"branchMap":{},"s":{"0":4,"1":4,"2":4,"3":4,"4":4,"5":4,"6":4,"7":4,"8":4},"f":{},"b":{}}
,"C:\\Users\\SinAsignar\\PORTFOLIO\\backend-disruptive-test\\src\\features\\themes\\themes.service.ts": {"path":"C:\\Users\\SinAsignar\\PORTFOLIO\\backend-disruptive-test\\src\\features\\themes\\themes.service.ts","statementMap":{"0":{"start":{"line":1,"column":0},"end":{"line":1,"column":36}},"1":{"start":{"line":2,"column":0},"end":{"line":2,"column":52}},"2":{"start":{"line":3,"column":0},"end":{"line":3,"column":68}},"3":{"start":{"line":6,"column":2},"end":{"line":6,"column":23}},"4":{"start":{"line":74,"column":9},"end":{"line":74,"column":15}},"5":{"start":{"line":10,"column":2},"end":{"line":17,"column":3}},"6":{"start":{"line":11,"column":4},"end":{"line":14,"column":5}},"7":{"start":{"line":12,"column":20},"end":{"line":12,"column":56}},"8":{"start":{"line":13,"column":6},"end":{"line":13,"column":19}},"9":{"start":{"line":16,"column":4},"end":{"line":16,"column":43}},"10":{"start":{"line":74,"column":17},"end":{"line":74,"column":20}},"11":{"start":{"line":22,"column":2},"end":{"line":45,"column":3}},"12":{"start":{"line":23,"column":4},"end":{"line":42,"column":5}},"13":{"start":{"line":24,"column":28},"end":{"line":24,"column":48}},"14":{"start":{"line":25,"column":6},"end":{"line":25,"column":66}},"15":{"start":{"line":25,"column":25},"end":{"line":25,"column":66}},"16":{"start":{"line":27,"column":22},"end":{"line":27,"column":57}},"17":{"start":{"line":28,"column":6},"end":{"line":41,"column":7}},"18":{"start":{"line":30,"column":26},"end":{"line":36,"column":10}},"19":{"start":{"line":38,"column":8},"end":{"line":38,"column":44}},"20":{"start":{"line":40,"column":8},"end":{"line":40,"column":63}},"21":{"start":{"line":44,"column":4},"end":{"line":44,"column":27}},"22":{"start":{"line":74,"column":22},"end":{"line":74,"column":28}},"23":{"start":{"line":49,"column":2},"end":{"line":58,"column":3}},"24":{"start":{"line":50,"column":20},"end":{"line":50,"column":55}},"25":{"start":{"line":51,"column":4},"end":{"line":55,"column":5}},"26":{"start":{"line":52,"column":6},"end":{"line":52,"column":56}},"27":{"start":{"line":54,"column":6},"end":{"line":54,"column":61}},"28":{"start":{"line":57,"column":4},"end":{"line":57,"column":27}},"29":{"start":{"line":74,"column":30},"end":{"line":74,"column":36}},"30":{"start":{"line":62,"column":2},"end":{"line":71,"column":3}},"31":{"start":{"line":63,"column":25},"end":{"line":63,"column":55}},"32":{"start":{"line":64,"column":4},"end":{"line":68,"column":5}},"33":{"start":{"line":65,"column":6},"end":{"line":65,"column":42}},"34":{"start":{"line":67,"column":6},"end":{"line":67,"column":38}},"35":{"start":{"line":70,"column":4},"end":{"line":70,"column":27}},"36":{"start":{"line":74,"column":38},"end":{"line":74,"column":44}}},"fnMap":{"0":{"name":"getAll","decl":{"start":{"line":5,"column":15},"end":{"line":5,"column":21}},"loc":{"start":{"line":5,"column":21},"end":{"line":7,"column":1}}},"1":{"name":"get","decl":{"start":{"line":9,"column":15},"end":{"line":9,"column":18}},"loc":{"start":{"line":9,"column":23},"end":{"line":18,"column":1}}},"2":{"name":"create","decl":{"start":{"line":20,"column":15},"end":{"line":20,"column":21}},"loc":{"start":{"line":20,"column":26},"end":{"line":46,"column":1}}},"3":{"name":"update","decl":{"start":{"line":48,"column":15},"end":{"line":48,"column":21}},"loc":{"start":{"line":48,"column":30},"end":{"line":59,"column":1}}},"4":{"name":"remove","decl":{"start":{"line":61,"column":15},"end":{"line":61,"column":21}},"loc":{"start":{"line":61,"column":40},"end":{"line":72,"column":1}}}},"branchMap":{"0":{"loc":{"start":{"line":11,"column":4},"end":{"line":14,"column":5}},"type":"if","locations":[{"start":{"line":11,"column":4},"end":{"line":14,"column":5}}]},"1":{"loc":{"start":{"line":23,"column":4},"end":{"line":42,"column":5}},"type":"if","locations":[{"start":{"line":23,"column":4},"end":{"line":42,"column":5}}]},"2":{"loc":{"start":{"line":25,"column":6},"end":{"line":25,"column":66}},"type":"if","locations":[{"start":{"line":25,"column":6},"end":{"line":25,"column":66}}]},"3":{"loc":{"start":{"line":28,"column":6},"end":{"line":41,"column":7}},"type":"if","locations":[{"start":{"line":28,"column":6},"end":{"line":41,"column":7}},{"start":{"line":39,"column":13},"end":{"line":41,"column":7}}]},"4":{"loc":{"start":{"line":28,"column":10},"end":{"line":28,"column":53}},"type":"binary-expr","locations":[{"start":{"line":28,"column":10},"end":{"line":28,"column":17}},{"start":{"line":28,"column":21},"end":{"line":28,"column":53}}]},"5":{"loc":{"start":{"line":51,"column":4},"end":{"line":55,"column":5}},"type":"if","locations":[{"start":{"line":51,"column":4},"end":{"line":55,"column":5}},{"start":{"line":53,"column":11},"end":{"line":55,"column":5}}]},"6":{"loc":{"start":{"line":51,"column":8},"end":{"line":51,"column":51}},"type":"binary-expr","locations":[{"start":{"line":51,"column":8},"end":{"line":51,"column":15}},{"start":{"line":51,"column":19},"end":{"line":51,"column":51}}]},"7":{"loc":{"start":{"line":64,"column":4},"end":{"line":68,"column":5}},"type":"if","locations":[{"start":{"line":64,"column":4},"end":{"line":68,"column":5}},{"start":{"line":66,"column":11},"end":{"line":68,"column":5}}]},"8":{"loc":{"start":{"line":64,"column":8},"end":{"line":64,"column":61}},"type":"binary-expr","locations":[{"start":{"line":64,"column":8},"end":{"line":64,"column":20}},{"start":{"line":64,"column":24},"end":{"line":64,"column":61}}]}},"s":{"0":4,"1":4,"2":4,"3":1,"4":4,"5":4,"6":4,"7":4,"8":4,"9":0,"10":4,"11":3,"12":3,"13":3,"14":3,"15":0,"16":3,"17":3,"18":3,"19":3,"20":0,"21":0,"22":4,"23":2,"24":2,"25":2,"26":1,"27":1,"28":1,"29":4,"30":3,"31":3,"32":3,"33":3,"34":0,"35":0,"36":4},"f":{"0":1,"1":4,"2":3,"3":2,"4":3},"b":{"0":[4],"1":[3],"2":[0],"3":[3,0],"4":[3,3],"5":[1,1],"6":[2,1],"7":[3,0],"8":[3,3]}}
,"C:\\Users\\SinAsignar\\PORTFOLIO\\backend-disruptive-test\\src\\features\\users\\index.ts": {"path":"C:\\Users\\SinAsignar\\PORTFOLIO\\backend-disruptive-test\\src\\features\\users\\index.ts","statementMap":{"0":{"start":{"line":1,"column":0},"end":{"line":1,"column":9}},"1":{"start":{"line":1,"column":9},"end":{"line":1,"column":25}}},"fnMap":{"0":{"name":"(anonymous_1)","decl":{"start":{"line":1,"column":9},"end":{"line":1,"column":16}},"loc":{"start":{"line":1,"column":9},"end":{"line":1,"column":25}}}},"branchMap":{},"s":{"0":4,"1":8},"f":{"0":4},"b":{}}
,"C:\\Users\\SinAsignar\\PORTFOLIO\\backend-disruptive-test\\src\\features\\users\\users.controller.ts": {"path":"C:\\Users\\SinAsignar\\PORTFOLIO\\backend-disruptive-test\\src\\features\\users\\users.controller.ts","statementMap":{"0":{"start":{"line":2,"column":0},"end":{"line":2,"column":48}},"1":{"start":{"line":5,"column":2},"end":{"line":9,"column":3}},"2":{"start":{"line":6,"column":4},"end":{"line":6,"column":42}},"3":{"start":{"line":8,"column":4},"end":{"line":8,"column":14}},"4":{"start":{"line":47,"column":9},"end":{"line":47,"column":15}},"5":{"start":{"line":13,"column":2},"end":{"line":17,"column":3}},"6":{"start":{"line":14,"column":4},"end":{"line":14,"column":52}},"7":{"start":{"line":16,"column":4},"end":{"line":16,"column":14}},"8":{"start":{"line":47,"column":17},"end":{"line":47,"column":20}},"9":{"start":{"line":21,"column":2},"end":{"line":26,"column":3}},"10":{"start":{"line":22,"column":4},"end":{"line":22,"column":50}},"11":{"start":{"line":24,"column":4},"end":{"line":24,"column":64}},"12":{"start":{"line":25,"column":4},"end":{"line":25,"column":14}},"13":{"start":{"line":47,"column":22},"end":{"line":47,"column":28}},"14":{"start":{"line":30,"column":2},"end":{"line":35,"column":3}},"15":{"start":{"line":31,"column":4},"end":{"line":31,"column":65}},"16":{"start":{"line":33,"column":4},"end":{"line":33,"column":64}},"17":{"start":{"line":34,"column":4},"end":{"line":34,"column":14}},"18":{"start":{"line":47,"column":30},"end":{"line":47,"column":36}},"19":{"start":{"line":39,"column":2},"end":{"line":44,"column":3}},"20":{"start":{"line":40,"column":4},"end":{"line":40,"column":80}},"21":{"start":{"line":42,"column":4},"end":{"line":42,"column":64}},"22":{"start":{"line":43,"column":4},"end":{"line":43,"column":14}},"23":{"start":{"line":47,"column":38},"end":{"line":47,"column":44}}},"fnMap":{"0":{"name":"getAll","decl":{"start":{"line":4,"column":15},"end":{"line":4,"column":21}},"loc":{"start":{"line":4,"column":69},"end":{"line":10,"column":1}}},"1":{"name":"get","decl":{"start":{"line":12,"column":15},"end":{"line":12,"column":18}},"loc":{"start":{"line":12,"column":66},"end":{"line":18,"column":1}}},"2":{"name":"create","decl":{"start":{"line":20,"column":15},"end":{"line":20,"column":21}},"loc":{"start":{"line":20,"column":69},"end":{"line":27,"column":1}}},"3":{"name":"update","decl":{"start":{"line":29,"column":15},"end":{"line":29,"column":21}},"loc":{"start":{"line":29,"column":69},"end":{"line":36,"column":1}}},"4":{"name":"remove","decl":{"start":{"line":38,"column":15},"end":{"line":38,"column":21}},"loc":{"start":{"line":38,"column":69},"end":{"line":45,"column":1}}}},"branchMap":{},"s":{"0":4,"1":1,"2":1,"3":0,"4":4,"5":2,"6":2,"7":1,"8":4,"9":3,"10":3,"11":0,"12":0,"13":4,"14":2,"15":2,"16":1,"17":1,"18":4,"19":3,"20":3,"21":0,"22":0,"23":4},"f":{"0":1,"1":2,"2":3,"3":2,"4":3},"b":{}}
,"C:\\Users\\SinAsignar\\PORTFOLIO\\backend-disruptive-test\\src\\features\\users\\users.model.ts": {"path":"C:\\Users\\SinAsignar\\PORTFOLIO\\backend-disruptive-test\\src\\features\\users\\users.model.ts","statementMap":{"0":{"start":{"line":1,"column":0},"end":{"line":1,"column":32}},"1":{"start":{"line":3,"column":20},"end":{"line":20,"column":2}},"2":{"start":{"line":22,"column":0},"end":{"line":22,"column":52}}},"fnMap":{},"branchMap":{},"s":{"0":4,"1":4,"2":4},"f":{},"b":{}}
,"C:\\Users\\SinAsignar\\PORTFOLIO\\backend-disruptive-test\\src\\features\\users\\users.route.ts": {"path":"C:\\Users\\SinAsignar\\PORTFOLIO\\backend-disruptive-test\\src\\features\\users\\users.route.ts","statementMap":{"0":{"start":{"line":141,"column":0},"end":{"line":141,"column":30}},"1":{"start":{"line":142,"column":0},"end":{"line":142,"column":54}},"2":{"start":{"line":144,"column":15},"end":{"line":144,"column":31}},"3":{"start":{"line":146,"column":0},"end":{"line":146,"column":40}},"4":{"start":{"line":148,"column":0},"end":{"line":148,"column":40}},"5":{"start":{"line":150,"column":0},"end":{"line":150,"column":41}},"6":{"start":{"line":152,"column":0},"end":{"line":152,"column":43}},"7":{"start":{"line":154,"column":0},"end":{"line":154,"column":43}},"8":{"start":{"line":156,"column":0},"end":{"line":156,"column":22}}},"fnMap":{},"branchMap":{},"s":{"0":4,"1":4,"2":4,"3":4,"4":4,"5":4,"6":4,"7":4,"8":4},"f":{},"b":{}}
,"C:\\Users\\SinAsignar\\PORTFOLIO\\backend-disruptive-test\\src\\features\\users\\users.service.ts": {"path":"C:\\Users\\SinAsignar\\PORTFOLIO\\backend-disruptive-test\\src\\features\\users\\users.service.ts","statementMap":{"0":{"start":{"line":1,"column":0},"end":{"line":1,"column":52}},"1":{"start":{"line":2,"column":0},"end":{"line":2,"column":34}},"2":{"start":{"line":5,"column":2},"end":{"line":5,"column":22}},"3":{"start":{"line":89,"column":9},"end":{"line":89,"column":15}},"4":{"start":{"line":9,"column":2},"end":{"line":12,"column":3}},"5":{"start":{"line":10,"column":17},"end":{"line":10,"column":49}},"6":{"start":{"line":11,"column":4},"end":{"line":11,"column":16}},"7":{"start":{"line":89,"column":17},"end":{"line":89,"column":20}},"8":{"start":{"line":16,"column":2},"end":{"line":19,"column":3}},"9":{"start":{"line":17,"column":17},"end":{"line":17,"column":54}},"10":{"start":{"line":18,"column":4},"end":{"line":18,"column":16}},"11":{"start":{"line":23,"column":2},"end":{"line":30,"column":3}},"12":{"start":{"line":24,"column":4},"end":{"line":27,"column":5}},"13":{"start":{"line":25,"column":19},"end":{"line":25,"column":57}},"14":{"start":{"line":26,"column":6},"end":{"line":26,"column":18}},"15":{"start":{"line":29,"column":4},"end":{"line":29,"column":42}},"16":{"start":{"line":89,"column":22},"end":{"line":89,"column":36}},"17":{"start":{"line":35,"column":2},"end":{"line":60,"column":3}},"18":{"start":{"line":36,"column":4},"end":{"line":57,"column":5}},"19":{"start":{"line":37,"column":27},"end":{"line":37,"column":55}},"20":{"start":{"line":38,"column":6},"end":{"line":38,"column":65}},"21":{"start":{"line":38,"column":24},"end":{"line":38,"column":65}},"22":{"start":{"line":40,"column":6},"end":{"line":56,"column":7}},"23":{"start":{"line":46,"column":25},"end":{"line":51,"column":10}},"24":{"start":{"line":53,"column":8},"end":{"line":53,"column":42}},"25":{"start":{"line":55,"column":8},"end":{"line":55,"column":40}},"26":{"start":{"line":59,"column":4},"end":{"line":59,"column":27}},"27":{"start":{"line":89,"column":38},"end":{"line":89,"column":44}},"28":{"start":{"line":64,"column":2},"end":{"line":73,"column":3}},"29":{"start":{"line":65,"column":25},"end":{"line":65,"column":66}},"30":{"start":{"line":66,"column":4},"end":{"line":70,"column":5}},"31":{"start":{"line":67,"column":6},"end":{"line":67,"column":55}},"32":{"start":{"line":69,"column":6},"end":{"line":69,"column":38}},"33":{"start":{"line":72,"column":4},"end":{"line":72,"column":27}},"34":{"start":{"line":89,"column":46},"end":{"line":89,"column":52}},"35":{"start":{"line":77,"column":2},"end":{"line":86,"column":3}},"36":{"start":{"line":78,"column":25},"end":{"line":78,"column":61}},"37":{"start":{"line":79,"column":4},"end":{"line":83,"column":5}},"38":{"start":{"line":80,"column":6},"end":{"line":80,"column":41}},"39":{"start":{"line":82,"column":6},"end":{"line":82,"column":38}},"40":{"start":{"line":85,"column":4},"end":{"line":85,"column":27}},"41":{"start":{"line":89,"column":54},"end":{"line":89,"column":60}}},"fnMap":{"0":{"name":"getAll","decl":{"start":{"line":4,"column":15},"end":{"line":4,"column":21}},"loc":{"start":{"line":4,"column":21},"end":{"line":6,"column":1}}},"1":{"name":"get","decl":{"start":{"line":8,"column":15},"end":{"line":8,"column":18}},"loc":{"start":{"line":8,"column":21},"end":{"line":13,"column":1}}},"2":{"name":"getByEmail","decl":{"start":{"line":15,"column":15},"end":{"line":15,"column":25}},"loc":{"start":{"line":15,"column":31},"end":{"line":20,"column":1}}},"3":{"name":"getByAccountId","decl":{"start":{"line":22,"column":15},"end":{"line":22,"column":29}},"loc":{"start":{"line":22,"column":32},"end":{"line":31,"column":1}}},"4":{"name":"create","decl":{"start":{"line":33,"column":15},"end":{"line":33,"column":21}},"loc":{"start":{"line":33,"column":26},"end":{"line":61,"column":1}}},"5":{"name":"update","decl":{"start":{"line":63,"column":15},"end":{"line":63,"column":21}},"loc":{"start":{"line":63,"column":30},"end":{"line":74,"column":1}}},"6":{"name":"remove","decl":{"start":{"line":76,"column":15},"end":{"line":76,"column":21}},"loc":{"start":{"line":76,"column":40},"end":{"line":87,"column":1}}}},"branchMap":{"0":{"loc":{"start":{"line":9,"column":2},"end":{"line":12,"column":3}},"type":"if","locations":[{"start":{"line":9,"column":2},"end":{"line":12,"column":3}}]},"1":{"loc":{"start":{"line":16,"column":2},"end":{"line":19,"column":3}},"type":"if","locations":[{"start":{"line":16,"column":2},"end":{"line":19,"column":3}}]},"2":{"loc":{"start":{"line":24,"column":4},"end":{"line":27,"column":5}},"type":"if","locations":[{"start":{"line":24,"column":4},"end":{"line":27,"column":5}}]},"3":{"loc":{"start":{"line":36,"column":4},"end":{"line":57,"column":5}},"type":"if","locations":[{"start":{"line":36,"column":4},"end":{"line":57,"column":5}}]},"4":{"loc":{"start":{"line":38,"column":6},"end":{"line":38,"column":65}},"type":"if","locations":[{"start":{"line":38,"column":6},"end":{"line":38,"column":65}}]},"5":{"loc":{"start":{"line":40,"column":6},"end":{"line":56,"column":7}},"type":"if","locations":[{"start":{"line":40,"column":6},"end":{"line":56,"column":7}},{"start":{"line":54,"column":13},"end":{"line":56,"column":7}}]},"6":{"loc":{"start":{"line":41,"column":8},"end":{"line":43,"column":39}},"type":"binary-expr","locations":[{"start":{"line":41,"column":8},"end":{"line":41,"column":37}},{"start":{"line":42,"column":8},"end":{"line":42,"column":38}},{"start":{"line":43,"column":8},"end":{"line":43,"column":39}}]},"7":{"loc":{"start":{"line":66,"column":4},"end":{"line":70,"column":5}},"type":"if","locations":[{"start":{"line":66,"column":4},"end":{"line":70,"column":5}},{"start":{"line":68,"column":11},"end":{"line":70,"column":5}}]},"8":{"loc":{"start":{"line":66,"column":8},"end":{"line":66,"column":61}},"type":"binary-expr","locations":[{"start":{"line":66,"column":8},"end":{"line":66,"column":20}},{"start":{"line":66,"column":24},"end":{"line":66,"column":61}}]},"9":{"loc":{"start":{"line":79,"column":4},"end":{"line":83,"column":5}},"type":"if","locations":[{"start":{"line":79,"column":4},"end":{"line":83,"column":5}},{"start":{"line":81,"column":11},"end":{"line":83,"column":5}}]},"10":{"loc":{"start":{"line":79,"column":8},"end":{"line":79,"column":61}},"type":"binary-expr","locations":[{"start":{"line":79,"column":8},"end":{"line":79,"column":20}},{"start":{"line":79,"column":24},"end":{"line":79,"column":61}}]}},"s":{"0":4,"1":4,"2":1,"3":4,"4":2,"5":2,"6":1,"7":4,"8":3,"9":3,"10":3,"11":32,"12":32,"13":28,"14":28,"15":0,"16":4,"17":3,"18":3,"19":3,"20":3,"21":0,"22":3,"23":3,"24":3,"25":0,"26":0,"27":4,"28":2,"29":2,"30":2,"31":1,"32":1,"33":1,"34":4,"35":3,"36":3,"37":3,"38":3,"39":0,"40":0,"41":4},"f":{"0":1,"1":2,"2":3,"3":32,"4":3,"5":2,"6":3},"b":{"0":[2],"1":[3],"2":[28],"3":[3],"4":[0],"5":[3,0],"6":[3,0,0],"7":[1,1],"8":[2,1],"9":[3,0],"10":[3,3]}}
}
