TN:
SF:src\app.ts
FN:78,(anonymous_1)
FNF:1
FNH:0
FNDA:0,(anonymous_1)
DA:1,4
DA:2,4
DA:3,4
DA:4,4
DA:5,4
DA:6,4
DA:7,4
DA:10,4
DA:11,4
DA:12,4
DA:13,4
DA:15,4
DA:17,4
DA:18,4
DA:19,4
DA:21,4
DA:23,4
DA:24,4
DA:27,4
DA:29,4
DA:30,4
DA:31,4
DA:32,4
DA:35,4
DA:58,4
DA:59,4
DA:66,4
DA:76,4
DA:78,4
DA:79,0
DA:82,4
LF:31
LH:30
BRF:0
BRH:0
end_of_record
TN:
SF:src\config\mongo.ts
FN:7,connectDB
FN:17,(anonymous_2)
FN:21,(anonymous_3)
FNF:3
FNH:2
FNDA:4,connectDB
FNDA:4,(anonymous_2)
FNDA:0,(anonymous_3)
DA:2,4
DA:3,4
DA:4,4
DA:5,4
DA:7,4
DA:8,4
DA:10,4
DA:11,4
DA:13,0
DA:14,0
DA:16,4
DA:17,4
DA:18,4
DA:21,4
DA:22,0
LF:15
LH:12
BRF:0
BRH:0
end_of_record
TN:
SF:src\config\redis.ts
FNF:0
FNH:0
DA:2,4
DA:3,4
DA:4,4
DA:5,4
DA:7,4
DA:8,4
LF:6
LH:6
BRF:0
BRH:0
end_of_record
TN:
SF:src\enums\categories.enum.ts
FN:1,(anonymous_0)
FNF:1
FNH:1
FNDA:4,(anonymous_0)
DA:1,4
DA:2,4
DA:3,4
DA:4,4
LF:4
LH:4
BRDA:1,0,0,4
BRDA:1,0,1,4
BRF:2
BRH:2
end_of_record
TN:
SF:src\enums\users.enum.ts
FN:1,(anonymous_0)
FNF:1
FNH:1
FNDA:4,(anonymous_0)
DA:1,4
DA:2,4
DA:3,4
DA:4,4
LF:4
LH:4
BRDA:1,0,0,4
BRDA:1,0,1,4
BRF:2
BRH:2
end_of_record
TN:
SF:src\features\categories\categories.controller.ts
FN:4,getAll
FN:12,get
FN:21,create
FN:36,update
FN:51,remove
FNF:5
FNH:5
FNDA:1,getAll
FNDA:2,get
FNDA:4,create
FNDA:3,update
FNDA:3,remove
DA:2,4
DA:5,1
DA:6,1
DA:8,0
DA:13,2
DA:14,2
DA:16,0
DA:17,0
DA:22,4
DA:23,4
DA:29,4
DA:31,1
DA:32,1
DA:37,3
DA:38,3
DA:44,3
DA:46,2
DA:47,2
DA:52,3
DA:53,3
DA:57,0
DA:58,0
DA:62,4
LF:23
LH:18
BRDA:25,0,0,4
BRDA:25,0,1,0
BRDA:26,1,0,4
BRDA:26,1,1,0
BRDA:40,2,0,3
BRDA:40,2,1,3
BRDA:41,3,0,3
BRDA:41,3,1,3
BRF:8
BRH:6
end_of_record
TN:
SF:src\features\categories\categories.model.ts
FNF:0
FNH:0
DA:1,4
DA:3,4
DA:20,4
LF:3
LH:3
BRF:0
BRH:0
end_of_record
TN:
SF:src\features\categories\categories.route.ts
FNF:0
FNH:0
DA:138,4
DA:139,4
DA:141,4
DA:143,4
DA:145,4
DA:147,4
DA:149,4
DA:151,4
DA:153,4
LF:9
LH:9
BRF:0
BRH:0
end_of_record
TN:
SF:src\features\categories\categories.service.ts
FN:6,getAll
FN:10,get
FN:21,create
FN:58,update
FN:79,remove
FNF:5
FNH:5
FNDA:1,getAll
FNDA:6,get
FNDA:4,create
FNDA:3,update
FNDA:3,remove
DA:1,4
DA:2,4
DA:3,4
DA:4,4
DA:7,1
DA:11,6
DA:12,6
DA:13,5
DA:14,5
DA:17,0
DA:23,4
DA:24,4
DA:25,4
DA:26,4
DA:28,4
DA:29,4
DA:33,4
DA:38,3
DA:45,3
DA:47,1
DA:50,0
DA:54,1
DA:59,3
DA:60,3
DA:61,3
DA:62,2
DA:67,1
DA:69,1
DA:72,1
DA:75,2
DA:80,3
DA:81,3
DA:82,3
DA:83,3
DA:85,0
DA:88,0
DA:92,4
LF:37
LH:33
BRDA:12,0,0,5
BRDA:24,1,0,4
BRDA:26,2,0,0
BRDA:29,3,0,4
BRDA:29,3,1,0
BRDA:29,4,0,4
BRDA:29,4,1,4
BRDA:33,5,0,3
BRDA:33,5,1,1
BRDA:34,6,0,4
BRDA:34,6,1,4
BRDA:34,6,2,4
BRDA:61,7,0,2
BRDA:61,7,1,1
BRDA:61,8,0,3
BRDA:61,8,1,2
BRDA:62,9,0,1
BRDA:62,9,1,1
BRDA:63,10,0,2
BRDA:63,10,1,1
BRDA:63,10,2,1
BRDA:82,11,0,3
BRDA:82,11,1,0
BRDA:82,12,0,3
BRDA:82,12,1,3
BRF:25
BRH:22
end_of_record
TN:
SF:src\features\categories\index.ts
FN:1,(anonymous_1)
FNF:1
FNH:1
FNDA:4,(anonymous_1)
DA:1,8
LF:1
LH:1
BRF:0
BRH:0
end_of_record
TN:
SF:src\features\content\content.controller.ts
FN:4,getAll
FN:13,get
FN:22,create
FN:31,update
FN:40,remove
FNF:5
FNH:5
FNDA:1,getAll
FNDA:2,get
FNDA:4,create
FNDA:2,update
FNDA:3,remove
DA:2,4
DA:5,1
DA:6,1
DA:8,0
DA:9,0
DA:14,2
DA:15,2
DA:17,1
DA:18,1
DA:23,4
DA:24,4
DA:26,1
DA:27,1
DA:32,2
DA:33,2
DA:35,1
DA:36,1
DA:41,3
DA:42,3
DA:46,1
DA:47,1
DA:51,4
LF:22
LH:20
BRF:0
BRH:0
end_of_record
TN:
SF:src\features\content\content.model.ts
FNF:0
FNH:0
DA:1,4
DA:3,4
DA:33,4
LF:3
LH:3
BRF:0
BRH:0
end_of_record
TN:
SF:src\features\content\content.route.ts
FNF:0
FNH:0
DA:150,4
DA:151,4
DA:153,4
DA:155,4
DA:157,4
DA:159,4
DA:161,4
DA:163,4
DA:165,4
LF:9
LH:9
BRF:0
BRH:0
end_of_record
TN:
SF:src\features\content\content.service.ts
FN:6,getAll
FN:10,get
FN:21,create
FN:64,update
FN:90,remove
FNF:5
FNH:5
FNDA:7,getAll
FNDA:6,get
FNDA:4,create
FNDA:2,update
FNDA:3,remove
DA:1,4
DA:2,4
DA:3,4
DA:4,4
DA:7,7
DA:11,6
DA:12,6
DA:13,2
DA:14,1
DA:17,1
DA:23,4
DA:24,4
DA:25,4
DA:26,4
DA:28,4
DA:29,4
DA:34,3
DA:43,3
DA:44,3
DA:46,3
DA:48,3
DA:49,3
DA:54,3
DA:56,1
DA:60,1
DA:65,2
DA:66,2
DA:67,2
DA:71,1
DA:72,1
DA:73,1
DA:75,1
DA:76,1
DA:81,1
DA:83,1
DA:86,1
DA:91,3
DA:92,3
DA:93,3
DA:98,2
DA:99,2
DA:100,2
DA:102,2
DA:103,2
DA:108,2
DA:110,1
DA:113,1
DA:117,4
LF:48
LH:48
BRDA:12,0,0,2
BRDA:24,1,0,4
BRDA:26,2,0,0
BRDA:29,3,0,3
BRDA:29,3,1,1
BRDA:30,4,0,4
BRDA:30,4,1,3
BRDA:30,4,2,0
BRDA:67,5,0,1
BRDA:67,5,1,1
BRDA:68,6,0,2
BRDA:68,6,1,1
BRDA:68,6,2,0
BRDA:93,7,0,2
BRDA:93,7,1,1
BRDA:94,8,0,3
BRDA:94,8,1,2
BRDA:94,8,2,0
BRF:18
BRH:14
end_of_record
TN:
SF:src\features\content\index.ts
FN:1,(anonymous_1)
FNF:1
FNH:1
FNDA:4,(anonymous_1)
DA:1,8
LF:1
LH:1
BRF:0
BRH:0
end_of_record
TN:
SF:src\features\themes\index.ts
FN:1,(anonymous_1)
FNF:1
FNH:1
FNDA:4,(anonymous_1)
DA:1,8
LF:1
LH:1
BRF:0
BRH:0
end_of_record
TN:
SF:src\features\themes\themes.controller.ts
FN:4,getAll
FN:12,get
FN:21,create
FN:30,update
FN:39,remove
FNF:5
FNH:5
FNDA:1,getAll
FNDA:1,get
FNDA:3,create
FNDA:2,update
FNDA:3,remove
DA:2,4
DA:5,1
DA:6,1
DA:8,0
DA:13,1
DA:14,1
DA:16,0
DA:17,0
DA:22,3
DA:23,3
DA:25,0
DA:26,0
DA:31,2
DA:32,2
DA:34,1
DA:35,1
DA:40,3
DA:41,3
DA:45,0
DA:46,0
DA:50,4
LF:21
LH:14
BRF:0
BRH:0
end_of_record
TN:
SF:src\features\themes\themes.model.ts
FNF:0
FNH:0
DA:1,4
DA:3,4
DA:24,4
LF:3
LH:3
BRF:0
BRH:0
end_of_record
TN:
SF:src\features\themes\themes.route.ts
FNF:0
FNH:0
DA:145,4
DA:146,4
DA:148,4
DA:150,4
DA:152,4
DA:154,4
DA:156,4
DA:158,4
DA:160,4
LF:9
LH:9
BRF:0
BRH:0
end_of_record
TN:
SF:src\features\themes\themes.service.ts
FN:5,getAll
FN:9,get
FN:20,create
FN:48,update
FN:61,remove
FNF:5
FNH:5
FNDA:1,getAll
FNDA:4,get
FNDA:3,create
FNDA:2,update
FNDA:3,remove
DA:1,4
DA:2,4
DA:3,4
DA:6,1
DA:10,4
DA:11,4
DA:12,4
DA:13,4
DA:16,0
DA:22,3
DA:23,3
DA:24,3
DA:25,3
DA:27,3
DA:28,3
DA:30,3
DA:38,3
DA:40,0
DA:44,0
DA:49,2
DA:50,2
DA:51,2
DA:52,1
DA:54,1
DA:57,1
DA:62,3
DA:63,3
DA:64,3
DA:65,3
DA:67,0
DA:70,0
DA:74,4
LF:32
LH:27
BRDA:11,0,0,4
BRDA:23,1,0,3
BRDA:25,2,0,0
BRDA:28,3,0,3
BRDA:28,3,1,0
BRDA:28,4,0,3
BRDA:28,4,1,3
BRDA:51,5,0,1
BRDA:51,5,1,1
BRDA:51,6,0,2
BRDA:51,6,1,1
BRDA:64,7,0,3
BRDA:64,7,1,0
BRDA:64,8,0,3
BRDA:64,8,1,3
BRF:15
BRH:12
end_of_record
TN:
SF:src\features\users\index.ts
FN:1,(anonymous_1)
FNF:1
FNH:1
FNDA:4,(anonymous_1)
DA:1,8
LF:1
LH:1
BRF:0
BRH:0
end_of_record
TN:
SF:src\features\users\users.controller.ts
FN:4,getAll
FN:12,get
FN:20,create
FN:29,update
FN:38,remove
FNF:5
FNH:5
FNDA:1,getAll
FNDA:2,get
FNDA:3,create
FNDA:2,update
FNDA:3,remove
DA:2,4
DA:5,1
DA:6,1
DA:8,0
DA:13,2
DA:14,2
DA:16,1
DA:21,3
DA:22,3
DA:24,0
DA:25,0
DA:30,2
DA:31,2
DA:33,1
DA:34,1
DA:39,3
DA:40,3
DA:42,0
DA:43,0
DA:47,4
LF:20
LH:15
BRF:0
BRH:0
end_of_record
TN:
SF:src\features\users\users.model.ts
FNF:0
FNH:0
DA:1,4
DA:3,4
DA:22,4
LF:3
LH:3
BRF:0
BRH:0
end_of_record
TN:
SF:src\features\users\users.route.ts
FNF:0
FNH:0
DA:141,4
DA:142,4
DA:144,4
DA:146,4
DA:148,4
DA:150,4
DA:152,4
DA:154,4
DA:156,4
LF:9
LH:9
BRF:0
BRH:0
end_of_record
TN:
SF:src\features\users\users.service.ts
FN:4,getAll
FN:8,get
FN:15,getByEmail
FN:22,getByAccountId
FN:33,create
FN:63,update
FN:76,remove
FNF:7
FNH:7
FNDA:1,getAll
FNDA:2,get
FNDA:3,getByEmail
FNDA:32,getByAccountId
FNDA:3,create
FNDA:2,update
FNDA:3,remove
DA:1,4
DA:2,4
DA:5,1
DA:9,2
DA:10,2
DA:11,1
DA:16,3
DA:17,3
DA:18,3
DA:23,32
DA:24,32
DA:25,28
DA:26,28
DA:29,0
DA:35,3
DA:36,3
DA:37,3
DA:38,3
DA:40,3
DA:46,3
DA:53,3
DA:55,0
DA:59,0
DA:64,2
DA:65,2
DA:66,2
DA:67,1
DA:69,1
DA:72,1
DA:77,3
DA:78,3
DA:79,3
DA:80,3
DA:82,0
DA:85,0
DA:89,4
LF:36
LH:31
BRDA:9,0,0,2
BRDA:16,1,0,3
BRDA:24,2,0,28
BRDA:36,3,0,3
BRDA:38,4,0,0
BRDA:40,5,0,3
BRDA:40,5,1,0
BRDA:41,6,0,3
BRDA:41,6,1,0
BRDA:41,6,2,0
BRDA:66,7,0,1
BRDA:66,7,1,1
BRDA:66,8,0,2
BRDA:66,8,1,1
BRDA:79,9,0,3
BRDA:79,9,1,0
BRDA:79,10,0,3
BRDA:79,10,1,3
BRF:18
BRH:13
end_of_record
